{"C:\\Users\\Victo\\OneDrive\\Documentos\\SCL014-cipher\\src\\cipher.js": {"path":"C:\\Users\\Victo\\OneDrive\\Documentos\\SCL014-cipher\\src\\cipher.js","statementMap":{"0":{"start":{"line":1,"column":14},"end":{"line":9,"column":1}},"1":{"start":{"line":11,"column":21},"end":{"line":33,"column":1}},"2":{"start":{"line":12,"column":24},"end":{"line":12,"column":69}},"3":{"start":{"line":13,"column":21},"end":{"line":13,"column":68}},"4":{"start":{"line":14,"column":20},"end":{"line":14,"column":40}},"5":{"start":{"line":15,"column":15},"end":{"line":15,"column":17}},"6":{"start":{"line":16,"column":21},"end":{"line":16,"column":60}},"7":{"start":{"line":19,"column":2},"end":{"line":31,"column":3}},"8":{"start":{"line":19,"column":15},"end":{"line":19,"column":16}},"9":{"start":{"line":20,"column":20},"end":{"line":20,"column":52}},"10":{"start":{"line":23,"column":4},"end":{"line":29,"column":5}},"11":{"start":{"line":24,"column":6},"end":{"line":24,"column":86}},"12":{"start":{"line":25,"column":11},"end":{"line":29,"column":5}},"13":{"start":{"line":26,"column":6},"end":{"line":26,"column":86}},"14":{"start":{"line":28,"column":6},"end":{"line":28,"column":50}},"15":{"start":{"line":32,"column":2},"end":{"line":32,"column":30}},"16":{"start":{"line":36,"column":21},"end":{"line":58,"column":1}},"17":{"start":{"line":37,"column":21},"end":{"line":37,"column":68}},"18":{"start":{"line":38,"column":21},"end":{"line":38,"column":66}},"19":{"start":{"line":39,"column":24},"end":{"line":39,"column":63}},"20":{"start":{"line":40,"column":20},"end":{"line":40,"column":40}},"21":{"start":{"line":41,"column":15},"end":{"line":41,"column":17}},"22":{"start":{"line":42,"column":2},"end":{"line":42,"column":41}},"23":{"start":{"line":44,"column":2},"end":{"line":56,"column":3}},"24":{"start":{"line":44,"column":15},"end":{"line":44,"column":16}},"25":{"start":{"line":45,"column":20},"end":{"line":45,"column":49}},"26":{"start":{"line":48,"column":4},"end":{"line":54,"column":3}},"27":{"start":{"line":49,"column":4},"end":{"line":49,"column":84}},"28":{"start":{"line":50,"column":9},"end":{"line":54,"column":3}},"29":{"start":{"line":51,"column":4},"end":{"line":51,"column":84}},"30":{"start":{"line":53,"column":4},"end":{"line":53,"column":45}},"31":{"start":{"line":57,"column":2},"end":{"line":57,"column":33}}},"fnMap":{"0":{"name":"(anonymous_0)","decl":{"start":{"line":2,"column":10},"end":{"line":2,"column":11}},"loc":{"start":{"line":2,"column":16},"end":{"line":4,"column":3}},"line":2},"1":{"name":"(anonymous_1)","decl":{"start":{"line":5,"column":10},"end":{"line":5,"column":11}},"loc":{"start":{"line":5,"column":16},"end":{"line":7,"column":3}},"line":5},"2":{"name":"(anonymous_2)","decl":{"start":{"line":11,"column":21},"end":{"line":11,"column":22}},"loc":{"start":{"line":11,"column":27},"end":{"line":33,"column":1}},"line":11},"3":{"name":"(anonymous_3)","decl":{"start":{"line":36,"column":21},"end":{"line":36,"column":22}},"loc":{"start":{"line":36,"column":27},"end":{"line":58,"column":1}},"line":36}},"branchMap":{"0":{"loc":{"start":{"line":23,"column":4},"end":{"line":29,"column":5}},"type":"if","locations":[{"start":{"line":23,"column":4},"end":{"line":29,"column":5}},{"start":{"line":23,"column":4},"end":{"line":29,"column":5}}],"line":23},"1":{"loc":{"start":{"line":23,"column":8},"end":{"line":23,"column":42}},"type":"binary-expr","locations":[{"start":{"line":23,"column":8},"end":{"line":23,"column":23}},{"start":{"line":23,"column":27},"end":{"line":23,"column":42}}],"line":23},"2":{"loc":{"start":{"line":25,"column":11},"end":{"line":29,"column":5}},"type":"if","locations":[{"start":{"line":25,"column":11},"end":{"line":29,"column":5}},{"start":{"line":25,"column":11},"end":{"line":29,"column":5}}],"line":25},"3":{"loc":{"start":{"line":25,"column":15},"end":{"line":25,"column":50}},"type":"binary-expr","locations":[{"start":{"line":25,"column":15},"end":{"line":25,"column":30}},{"start":{"line":25,"column":34},"end":{"line":25,"column":50}}],"line":25},"4":{"loc":{"start":{"line":48,"column":4},"end":{"line":54,"column":3}},"type":"if","locations":[{"start":{"line":48,"column":4},"end":{"line":54,"column":3}},{"start":{"line":48,"column":4},"end":{"line":54,"column":3}}],"line":48},"5":{"loc":{"start":{"line":48,"column":8},"end":{"line":48,"column":42}},"type":"binary-expr","locations":[{"start":{"line":48,"column":8},"end":{"line":48,"column":23}},{"start":{"line":48,"column":27},"end":{"line":48,"column":42}}],"line":48},"6":{"loc":{"start":{"line":50,"column":9},"end":{"line":54,"column":3}},"type":"if","locations":[{"start":{"line":50,"column":9},"end":{"line":54,"column":3}},{"start":{"line":50,"column":9},"end":{"line":54,"column":3}}],"line":50},"7":{"loc":{"start":{"line":50,"column":13},"end":{"line":50,"column":48}},"type":"binary-expr","locations":[{"start":{"line":50,"column":13},"end":{"line":50,"column":28}},{"start":{"line":50,"column":32},"end":{"line":50,"column":48}}],"line":50}},"s":{"0":1,"1":1,"2":0,"3":0,"4":0,"5":0,"6":0,"7":0,"8":0,"9":0,"10":0,"11":0,"12":0,"13":0,"14":0,"15":0,"16":1,"17":0,"18":0,"19":0,"20":0,"21":0,"22":0,"23":0,"24":0,"25":0,"26":0,"27":0,"28":0,"29":0,"30":0,"31":0},"f":{"0":0,"1":0,"2":0,"3":0},"b":{"0":[0,0],"1":[0,0],"2":[0,0],"3":[0,0],"4":[0,0],"5":[0,0],"6":[0,0],"7":[0,0]},"_coverageSchema":"43e27e138ebf9cfc5966b082cf9a028302ed4184","hash":"46fb0d50df14490da08b4fa587ece7bc423644f4"}
}
